0 info it worked if it ends with ok
1 verbose cli [ '/usr/bin/node', '/usr/bin/npm', 'publish' ]
2 info using npm@3.5.2
3 info using node@v8.10.0
4 verbose publish [ '.' ]
5 silly cache add args [ '.', null ]
6 verbose cache add spec .
7 silly cache add parsed spec Result {
7 silly cache add   raw: '.',
7 silly cache add   scope: null,
7 silly cache add   name: null,
7 silly cache add   rawSpec: '.',
7 silly cache add   spec: '/home/david/eggtended-js',
7 silly cache add   type: 'directory' }
8 verbose addLocalDirectory /home/david/.npm/eggtended-js/1.3.1/package.tgz not in flight; packing
9 info lifecycle eggtended-js@1.3.1~prepublish: eggtended-js@1.3.1
10 silly lifecycle eggtended-js@1.3.1~prepublish: no script for prepublish, continuing
11 verbose tar pack [ '/home/david/.npm/eggtended-js/1.3.1/package.tgz',
11 verbose tar pack   '/home/david/eggtended-js' ]
12 verbose tarball /home/david/.npm/eggtended-js/1.3.1/package.tgz
13 verbose folder /home/david/eggtended-js
14 verbose addLocalTarball adding from inside cache /home/david/.npm/eggtended-js/1.3.1/package.tgz
15 silly cache afterAdd eggtended-js@1.3.1
16 verbose afterAdd /home/david/.npm/eggtended-js/1.3.1/package/package.json not in flight; writing
17 verbose afterAdd /home/david/.npm/eggtended-js/1.3.1/package/package.json written
18 silly publish { name: 'eggtended-js',
18 silly publish   version: '1.3.1',
18 silly publish   description: 'A extended version of the Egg programming language from the Eloquent Javascript book.',
18 silly publish   main: 'index.js',
18 silly publish   scripts:
18 silly publish    { test: 'nyc mocha',
18 silly publish      coverage: 'nyc report --reporter=text-lcov | coveralls' },
18 silly publish   keywords: [ 'Egg', 'Parser', 'Interpreter', 'Programming', 'Language' ],
18 silly publish   author: { name: 'David Afonso Dorta' },
18 silly publish   license: 'GPL2',
18 silly publish   devDependencies:
18 silly publish    { coveralls: '^3.0.3',
18 silly publish      eslint: '^5.16.0',
18 silly publish      mocha: '^6.1.2',
18 silly publish      'mocha-lcov-reporter': '^1.3.0',
18 silly publish      nyc: '^13.3.0',
18 silly publish      should: '^13.2.3',
18 silly publish      sinon: '^7.3.1' },
18 silly publish   dependencies: { xregexp: '^4.2.4' },
18 silly publish   readme: '![Eggtended Logo](https://i.imgur.com/9N4qe98.png)\n\nAn extended version of the __Egg__ programming language from the _"Eloquent Javascript"_ book.\n\n| Build | Coverage | Quality | License | Issues |\n|:-----------------------------------------------------------------------------------------------------------------------:|:----------------------------------------------------------------------------------------------------------------------------------------------------------------:|:-----------------------------------------------------------------------------------------------------------------------------------------------------------------------------------------------------------------------------------------------------------:|:------------------------------------------------------------------------------------------------------------------------------------------:|:-------:|\n| [![Build Status](https://travis-ci.org/Dibad/eggtended-js.svg?branch=master)](https://travis-ci.org/Dibad/eggtended-js) | [![Coverage Status](https://coveralls.io/repos/github/Dibad/eggtended-js/badge.svg?branch=master)](https://coveralls.io/github/Dibad/eggtended-js?branch=master) | [![Codacy Badge](https://api.codacy.com/project/badge/Grade/b73b7dce63144641912c77067fee51a2)](https://www.codacy.com/app/Dibad/eggtended-js?utm_source=github.com&amp;utm_medium=referral&amp;utm_content=Dibad/eggtended-js&amp;utm_campaign=Badge_Grade) | [![License: GPL  v2](https://img.shields.io/badge/License-GPL%20v2-blue.svg)](https://www.gnu.org/licenses/old-licenses/gpl-2.0.en.html) | [![Percentage of issues still open](http://isitmaintained.com/badge/open/dibad/eggtended-js.svg)](http://isitmaintained.com/project/dibad/eggtended-js "Percentage of issues still open") [![Average time to resolve an issue](http://isitmaintained.com/badge/resolution/dibad/eggtended-js.svg)](http://isitmaintained.com/project/dibad/eggtended-js "Average time to resolve an issue") |\n\n## Author\n\n__David Afonso Dorta__ - [University of La Laguna](https://www.ull.es/grados/ingenieria-informatica/). Computer Engineering, 3rd year\n',
18 silly publish   readmeFilename: 'README.md',
18 silly publish   gitHead: '0be1d600b9c852250a31580f704dd4513a474be6',
18 silly publish   _id: 'eggtended-js@1.3.1',
18 silly publish   _shasum: '24834d35027e89fe65067b749d7980efdefaec8a',
18 silly publish   _from: '.' }
19 verbose getPublishConfig undefined
20 silly mapToRegistry name eggtended-js
21 silly mapToRegistry using default registry
22 silly mapToRegistry registry https://registry.npmjs.org/
23 silly mapToRegistry uri https://registry.npmjs.org/eggtended-js
24 verbose publish registryBase https://registry.npmjs.org/
25 silly publish uploading /home/david/.npm/eggtended-js/1.3.1/package.tgz
26 verbose request uri https://registry.npmjs.org/eggtended-js
27 verbose request sending authorization for write operation
28 info attempt registry request try #1 at 17:12:29
29 verbose request using bearer token for auth
30 verbose request id 4148e6fdf61e01f6
31 http request PUT https://registry.npmjs.org/eggtended-js
32 http 403 https://registry.npmjs.org/eggtended-js
33 verbose headers { date: 'Mon, 29 Apr 2019 16:12:29 GMT',
33 verbose headers   'content-type': 'application/json',
33 verbose headers   'transfer-encoding': 'chunked',
33 verbose headers   connection: 'keep-alive',
33 verbose headers   'set-cookie':
33 verbose headers    [ '__cfduid=d66f187844ef8d3b6b18a0266826e91c91556554349; expires=Tue, 28-Apr-20 16:12:29 GMT; path=/; domain=.registry.npmjs.org; HttpOnly' ],
33 verbose headers   'cf-ray': '4cf28eccdf46c661-MAD',
33 verbose headers   'expect-ct': 'max-age=604800, report-uri="https://report-uri.cloudflare.com/cdn-cgi/beacon/expect-ct"',
33 verbose headers   vary: 'Accept-Encoding',
33 verbose headers   server: 'cloudflare',
33 verbose headers   'content-encoding': 'gzip' }
34 verbose request invalidating /home/david/.npm/registry.npmjs.org/eggtended-js on PUT
35 error publish Failed PUT 403
36 verbose stack Error: You cannot publish over the previously published versions: 1.3.1. : eggtended-js
36 verbose stack     at makeError (/usr/share/npm/node_modules/npm-registry-client/lib/request.js:264:12)
36 verbose stack     at CachingRegistryClient.<anonymous> (/usr/share/npm/node_modules/npm-registry-client/lib/request.js:252:14)
36 verbose stack     at /usr/share/npm/node_modules/npm-registry-client/lib/request.js:178:7
36 verbose stack     at Gunzip.onEnd (zlib.js:131:5)
36 verbose stack     at emitNone (events.js:111:20)
36 verbose stack     at Gunzip.emit (events.js:208:7)
36 verbose stack     at endReadableNT (_stream_readable.js:1064:12)
36 verbose stack     at _combinedTickCallback (internal/process/next_tick.js:138:11)
36 verbose stack     at process._tickCallback (internal/process/next_tick.js:180:9)
37 verbose statusCode 403
38 verbose pkgid eggtended-js
39 verbose cwd /home/david/eggtended-js
40 error Linux 4.15.0-47-generic
41 error argv "/usr/bin/node" "/usr/bin/npm" "publish"
42 error node v8.10.0
43 error npm  v3.5.2
44 error code E403
45 error You cannot publish over the previously published versions: 1.3.1. : eggtended-js
46 error If you need help, you may report this error at:
46 error     <https://github.com/npm/npm/issues>
47 verbose exit [ 1, true ]
